<?xml version="1.0" encoding="UTF-8"?>
<coverage generated="1694773458747" clover="3.2.0">
  <project timestamp="1694773458747" name="All files">
    <metrics statements="6" coveredstatements="6" conditionals="0" coveredconditionals="0" methods="4" coveredmethods="4" elements="10" coveredelements="10" complexity="0" loc="6" ncloc="6" packages="1" files="2" classes="2"/>
    <file name="LinkItem.jsx" path="/Users/trunghieule/Workspace/ReactJs/HieuLe/03-MockServer/viteapp-ts/src/components/LinkItem.jsx">
      <metrics statements="3" coveredstatements="3" conditionals="0" coveredconditionals="0" methods="2" coveredmethods="2"/>
      <line num="4" count="3" type="stmt"/>
      <line num="5" count="1" type="stmt"/>
      <line num="7" count="3" type="stmt"/>
    </file>
    <file name="Navigation.jsx" path="/Users/trunghieule/Workspace/ReactJs/HieuLe/03-MockServer/viteapp-ts/src/components/Navigation.jsx">
      <metrics statements="3" coveredstatements="3" conditionals="0" coveredconditionals="0" methods="2" coveredmethods="2"/>
      <line num="4" count="1" type="stmt"/>
      <line num="5" count="1" type="stmt"/>
      <line num="10" count="2" type="stmt"/>
    </file>
  </project>
</coverage>
