{"/Users/trunghieule/Workspace/ReactJs/HieuLe/03-MockServer/viteapp-ts/src/components/LinkItem.jsx": {"path":"/Users/trunghieule/Workspace/ReactJs/HieuLe/03-MockServer/viteapp-ts/src/components/LinkItem.jsx","statementMap":{"0":{"start":{"line":4,"column":25},"end":{"line":6,"column":3}},"1":{"start":{"line":5,"column":4},"end":{"line":5,"column":28}},"2":{"start":{"line":7,"column":2},"end":{"line":11,"column":4}}},"fnMap":{"0":{"name":"(anonymous_0)","decl":{"start":{"line":3,"column":15},"end":{"line":3,"column":16}},"loc":{"start":{"line":3,"column":32},"end":{"line":12,"column":1}},"line":3},"1":{"name":"(anonymous_1)","decl":{"start":{"line":4,"column":25},"end":{"line":4,"column":26}},"loc":{"start":{"line":4,"column":31},"end":{"line":6,"column":3}},"line":4}},"branchMap":{},"s":{"0":3,"1":1,"2":3},"f":{"0":3,"1":1},"b":{},"_coverageSchema":"1a1c01bbd47fc00a2c39e90264f33305004495a9","hash":"bb3b35accdea6ef69574b30f614ebf3b3c25b95d"}
,"/Users/trunghieule/Workspace/ReactJs/HieuLe/03-MockServer/viteapp-ts/src/components/NaviItem.tsx": {"path":"/Users/trunghieule/Workspace/ReactJs/HieuLe/03-MockServer/viteapp-ts/src/components/NaviItem.tsx","statementMap":{"0":{"start":{"line":8,"column":64},"end":{"line":17,"column":1}},"1":{"start":{"line":9,"column":25},"end":{"line":11,"column":3}},"2":{"start":{"line":10,"column":4},"end":{"line":10,"column":16}},"3":{"start":{"line":12,"column":2},"end":{"line":16,"column":4}}},"fnMap":{"0":{"name":"(anonymous_0)","decl":{"start":{"line":8,"column":64},"end":{"line":8,"column":65}},"loc":{"start":{"line":8,"column":108},"end":{"line":17,"column":1}},"line":8},"1":{"name":"(anonymous_1)","decl":{"start":{"line":9,"column":25},"end":{"line":9,"column":26}},"loc":{"start":{"line":9,"column":31},"end":{"line":11,"column":3}},"line":9}},"branchMap":{},"s":{"0":1,"1":1,"2":1,"3":1},"f":{"0":1,"1":1},"b":{},"_coverageSchema":"1a1c01bbd47fc00a2c39e90264f33305004495a9","hash":"c44a1b7fd6d395a69d784064c7e29d532c26043a"}
,"/Users/trunghieule/Workspace/ReactJs/HieuLe/03-MockServer/viteapp-ts/src/components/Navigation.jsx": {"path":"/Users/trunghieule/Workspace/ReactJs/HieuLe/03-MockServer/viteapp-ts/src/components/Navigation.jsx","statementMap":{"0":{"start":{"line":4,"column":19},"end":{"line":18,"column":1}},"1":{"start":{"line":5,"column":2},"end":{"line":17,"column":4}},"2":{"start":{"line":10,"column":12},"end":{"line":12,"column":23}}},"fnMap":{"0":{"name":"(anonymous_0)","decl":{"start":{"line":4,"column":19},"end":{"line":4,"column":20}},"loc":{"start":{"line":4,"column":30},"end":{"line":18,"column":1}},"line":4},"1":{"name":"(anonymous_1)","decl":{"start":{"line":9,"column":32},"end":{"line":9,"column":33}},"loc":{"start":{"line":10,"column":12},"end":{"line":12,"column":23}},"line":10}},"branchMap":{},"s":{"0":1,"1":1,"2":2},"f":{"0":1,"1":2},"b":{},"_coverageSchema":"1a1c01bbd47fc00a2c39e90264f33305004495a9","hash":"68401ff6f5eff6bd579ac4691c1f6a14b3c96c1e"}
,"/Users/trunghieule/Workspace/ReactJs/HieuLe/03-MockServer/viteapp-ts/src/components/index.tsx": {"path":"/Users/trunghieule/Workspace/ReactJs/HieuLe/03-MockServer/viteapp-ts/src/components/index.tsx","statementMap":{},"fnMap":{},"branchMap":{},"s":{},"f":{},"b":{},"_coverageSchema":"1a1c01bbd47fc00a2c39e90264f33305004495a9","hash":"ca209bf8562b7d4ced2d22da9393689cd3699236"}
}
